[handleMsg]:  {
  key: {
    remoteJid: '573117858828@s.whatsapp.net',
    fromMe: false,
    id: '3EB047D594FF8C1C0E5CFF',
    participant: undefined
  },
  messageTimestamp: 1724799271,
  pushName: 'Santiago Salazar',
  broadcast: false,
  message: Message {
    conversation: 'hola',
    messageContextInfo: MessageContextInfo {
      deviceListMetadata: [DeviceListMetadata],
      deviceListMetadataVersion: 2
    }
  },
  body: 'hola',
  from: '573117858828'
}
[QUEUE_SE_ENVIO]:  {
  ref: 'ans_9db701ec-3f49-446b-8656-61b57de4d9d0',
  keyword: 'key_60757d97-ad76-4c4b-8432-5c30c3ceba88',
  answer: 'Hola bienvenido a este *Chatbot*, espero te encuentres muy bien🤗.',
  options: {
    media: null,
    buttons: [],
    capture: false,
    child: null,
    delay: 0,
    idle: null,
    ref: null,
    nested: [],
    keyword: {},
    callback: false
  },
  refSerialize: '320da3869d842a1cc7bffeb9ce1334aa'
}
[QUEUE_SE_ENVIO]:  {
  ref: 'ans_3a4ad569-aca6-41ca-b9e8-fe9d037da255',
  keyword: 'ans_9db701ec-3f49-446b-8656-61b57de4d9d0',
  answer: 'Elige la unidad a la que perteneces:\n*1.* MAJAGUA',
  options: {
    media: null,
    buttons: [],
    capture: true,
    child: null,
    delay: 0,
    idle: null,
    ref: null,
    nested: [],
    keyword: {},
    callback: true
  },
  refSerialize: '8f11494a430c56d656d7cf5cc2c0bbb5'
}
[handleMsg]:  {
  key: {
    remoteJid: '573117858828@s.whatsapp.net',
    fromMe: false,
    id: '3EB0347342280446AD7183',
    participant: undefined
  },
  messageTimestamp: 1724799274,
  pushName: 'Santiago Salazar',
  broadcast: false,
  message: Message {
    conversation: '1',
    messageContextInfo: MessageContextInfo {
      deviceListMetadata: [DeviceListMetadata],
      deviceListMetadataVersion: 2
    }
  },
  body: '1',
  from: '573117858828'
}
[handleMsg]:  {
  key: {
    remoteJid: '573117858828@s.whatsapp.net',
    fromMe: false,
    id: '3EB06DB2F867DBF1CC6C0B',
    participant: undefined
  },
  messageTimestamp: 1724799278,
  pushName: 'Santiago Salazar',
  broadcast: false,
  message: Message {
    conversation: '9',
    messageContextInfo: MessageContextInfo {
      deviceListMetadata: [DeviceListMetadata],
      deviceListMetadataVersion: 2
    }
  },
  body: '9',
  from: '573117858828'
}
[handleMsg]:  {
  key: {
    remoteJid: '573117858828@s.whatsapp.net',
    fromMe: false,
    id: '3EB05D16563D74D6D9C41C',
    participant: undefined
  },
  messageTimestamp: 1724799281,
  pushName: 'Santiago Salazar',
  broadcast: false,
  message: Message {
    conversation: '1',
    messageContextInfo: MessageContextInfo {
      deviceListMetadata: [DeviceListMetadata],
      deviceListMetadataVersion: 2
    }
  },
  body: '1',
  from: '573117858828'
}
[handleMsg]:  {
  key: {
    remoteJid: '573117858828@s.whatsapp.net',
    fromMe: false,
    id: '3EB0CE7DEE077FBE3AD241',
    participant: undefined
  },
  messageTimestamp: 1724799283,
  pushName: 'Santiago Salazar',
  broadcast: false,
  message: Message {
    conversation: '1',
    messageContextInfo: MessageContextInfo {
      deviceListMetadata: [DeviceListMetadata],
      deviceListMetadataVersion: 2
    }
  },
  body: '1',
  from: '573117858828'
}
[handleMsg]:  {
  key: {
    remoteJid: '573117858828@s.whatsapp.net',
    fromMe: false,
    id: '3EB02CBD9BA8AFD202D44D',
    participant: undefined
  },
  messageTimestamp: 1724799289,
  pushName: 'Santiago Salazar',
  broadcast: false,
  message: Message {
    conversation: '9',
    messageContextInfo: MessageContextInfo {
      deviceListMetadata: [DeviceListMetadata],
      deviceListMetadataVersion: 2
    }
  },
  body: '9',
  from: '573117858828'
}
[handleMsg]:  {
  key: {
    remoteJid: '573117858828@s.whatsapp.net',
    fromMe: false,
    id: '3EB02346A2A436FF33B2F7',
    participant: undefined
  },
  messageTimestamp: 1724799301,
  pushName: 'Santiago Salazar',
  broadcast: false,
  message: Message {
    conversation: '1',
    messageContextInfo: MessageContextInfo {
      deviceListMetadata: [DeviceListMetadata],
      deviceListMetadataVersion: 2
    }
  },
  body: '1',
  from: '573117858828'
}
[handleMsg]:  {
  key: {
    remoteJid: '573117858828@s.whatsapp.net',
    fromMe: false,
    id: '3EB0114D152A2B29D767C1',
    participant: undefined
  },
  messageTimestamp: 1724799304,
  pushName: 'Santiago Salazar',
  broadcast: false,
  message: Message {
    conversation: '1',
    messageContextInfo: MessageContextInfo {
      deviceListMetadata: [DeviceListMetadata],
      deviceListMetadataVersion: 2
    }
  },
  body: '1',
  from: '573117858828'
}
[handleMsg]:  {
  key: {
    remoteJid: '573117858828@s.whatsapp.net',
    fromMe: false,
    id: '3EB06CA1255D6E9EFB5718',
    participant: undefined
  },
  messageTimestamp: 1724799307,
  pushName: 'Santiago Salazar',
  broadcast: false,
  message: Message {
    conversation: '0',
    messageContextInfo: MessageContextInfo {
      deviceListMetadata: [DeviceListMetadata],
      deviceListMetadataVersion: 2
    }
  },
  body: '0',
  from: '573117858828'
}
